
*** Running vivado
    with args -log floating_point_0.vds -m64 -product Vivado -mode batch -messageDb vivado.pb -notrace -source floating_point_0.tcl

awk: symbol lookup error: awk: undefined symbol: mpfr_z_sub

****** Vivado v2016.4 (64-bit)
  **** SW Build 1733598 on Wed Dec 14 22:35:42 MST 2016
  **** IP Build 1731160 on Wed Dec 14 23:47:21 MST 2016
    ** Copyright 1986-2016 Xilinx, Inc. All Rights Reserved.

source floating_point_0.tcl -notrace
awk: symbol lookup error: awk: undefined symbol: mpfr_z_sub
Starting RTL Elaboration : Time (s): cpu = 00:00:06 ; elapsed = 00:00:06 . Memory (MB): peak = 1092.781 ; gain = 159.086 ; free physical = 20076 ; free virtual = 36078
INFO: [Synth 8-638] synthesizing module 'floating_point_0' [/home/andrew/Documents/proyecto-Digitales/formaLenta/pixelRadiation/pixelRadiation.srcs/sources_1/ip/floating_point_0/synth/floating_point_0.vhd:73]
INFO: [Synth 8-256] done synthesizing module 'floating_point_0' (16#1) [/home/andrew/Documents/proyecto-Digitales/formaLenta/pixelRadiation/pixelRadiation.srcs/sources_1/ip/floating_point_0/synth/floating_point_0.vhd:73]
Finished RTL Elaboration : Time (s): cpu = 00:00:09 ; elapsed = 00:00:09 . Memory (MB): peak = 1175.250 ; gain = 241.555 ; free physical = 19988 ; free virtual = 35990
Finished RTL Optimization Phase 1 : Time (s): cpu = 00:00:09 ; elapsed = 00:00:09 . Memory (MB): peak = 1175.250 ; gain = 241.555 ; free physical = 19987 ; free virtual = 35990
INFO: [Device 21-403] Loading part xc7a200tsbg484-1
Constraint Validation Runtime : Time (s): cpu = 00:00:00.03 ; elapsed = 00:00:00.02 . Memory (MB): peak = 1543.750 ; gain = 0.000 ; free physical = 19814 ; free virtual = 35816
Finished Constraint Validation : Time (s): cpu = 00:00:18 ; elapsed = 00:00:18 . Memory (MB): peak = 1543.750 ; gain = 610.055 ; free physical = 19813 ; free virtual = 35816
Finished Loading Part and Timing Information : Time (s): cpu = 00:00:18 ; elapsed = 00:00:18 . Memory (MB): peak = 1543.750 ; gain = 610.055 ; free physical = 19813 ; free virtual = 35816
Finished applying 'set_property' XDC Constraints : Time (s): cpu = 00:00:18 ; elapsed = 00:00:18 . Memory (MB): peak = 1543.750 ; gain = 610.055 ; free physical = 19813 ; free virtual = 35816
Finished RTL Optimization Phase 2 : Time (s): cpu = 00:00:18 ; elapsed = 00:00:19 . Memory (MB): peak = 1543.750 ; gain = 610.055 ; free physical = 19809 ; free virtual = 35811
Finished Cross Boundary and Area Optimization : Time (s): cpu = 00:00:20 ; elapsed = 00:00:20 . Memory (MB): peak = 1543.750 ; gain = 610.055 ; free physical = 19769 ; free virtual = 35771
Finished Applying XDC Timing Constraints : Time (s): cpu = 00:00:26 ; elapsed = 00:00:27 . Memory (MB): peak = 1543.750 ; gain = 610.055 ; free physical = 19746 ; free virtual = 35748
Finished Timing Optimization : Time (s): cpu = 00:00:27 ; elapsed = 00:00:27 . Memory (MB): peak = 1543.750 ; gain = 610.055 ; free physical = 19736 ; free virtual = 35738
Finished Technology Mapping : Time (s): cpu = 00:00:27 ; elapsed = 00:00:27 . Memory (MB): peak = 1543.750 ; gain = 610.055 ; free physical = 19725 ; free virtual = 35728
Finished IO Insertion : Time (s): cpu = 00:00:27 ; elapsed = 00:00:27 . Memory (MB): peak = 1543.750 ; gain = 610.055 ; free physical = 19725 ; free virtual = 35728
Finished Renaming Generated Instances : Time (s): cpu = 00:00:27 ; elapsed = 00:00:27 . Memory (MB): peak = 1543.750 ; gain = 610.055 ; free physical = 19725 ; free virtual = 35728
Finished Rebuilding User Hierarchy : Time (s): cpu = 00:00:27 ; elapsed = 00:00:28 . Memory (MB): peak = 1543.750 ; gain = 610.055 ; free physical = 19725 ; free virtual = 35728
Finished Renaming Generated Ports : Time (s): cpu = 00:00:27 ; elapsed = 00:00:28 . Memory (MB): peak = 1543.750 ; gain = 610.055 ; free physical = 19725 ; free virtual = 35728
Finished Handling Custom Attributes : Time (s): cpu = 00:00:27 ; elapsed = 00:00:28 . Memory (MB): peak = 1543.750 ; gain = 610.055 ; free physical = 19725 ; free virtual = 35728
Finished Renaming Generated Nets : Time (s): cpu = 00:00:27 ; elapsed = 00:00:28 . Memory (MB): peak = 1543.750 ; gain = 610.055 ; free physical = 19725 ; free virtual = 35728

Report Cell Usage: 
+------+-------+------+
|      |Cell   |Count |
+------+-------+------+
|1     |CARRY4 |     3|
|2     |LUT1   |    10|
|3     |LUT2   |    68|
|4     |LUT3   |   150|
|5     |LUT4   |    55|
|6     |LUT5   |    42|
|7     |LUT6   |   176|
|8     |MUXCY  |   150|
|9     |MUXF7  |    13|
|10    |XORCY  |   117|
|11    |FDRE   |   137|
+------+-------+------+
Finished Writing Synthesis Report : Time (s): cpu = 00:00:27 ; elapsed = 00:00:28 . Memory (MB): peak = 1543.750 ; gain = 610.055 ; free physical = 19725 ; free virtual = 35728
synth_design: Time (s): cpu = 00:00:26 ; elapsed = 00:00:27 . Memory (MB): peak = 1544.750 ; gain = 534.551 ; free physical = 19716 ; free virtual = 35719
