
*** Running vivado
    with args -log floating_point_0.vds -m64 -product Vivado -mode batch -messageDb vivado.pb -notrace -source floating_point_0.tcl

awk: symbol lookup error: awk: undefined symbol: mpfr_z_sub

****** Vivado v2016.4 (64-bit)
  **** SW Build 1733598 on Wed Dec 14 22:35:42 MST 2016
  **** IP Build 1731160 on Wed Dec 14 23:47:21 MST 2016
    ** Copyright 1986-2016 Xilinx, Inc. All Rights Reserved.

source floating_point_0.tcl -notrace
awk: symbol lookup error: awk: undefined symbol: mpfr_z_sub
Starting RTL Elaboration : Time (s): cpu = 00:00:06 ; elapsed = 00:00:06 . Memory (MB): peak = 1092.770 ; gain = 159.086 ; free physical = 19967 ; free virtual = 36000
INFO: [Synth 8-638] synthesizing module 'floating_point_0' [/home/andrew/Documents/proyecto-Digitales/formaLenta/pixelRadiation/pixelRadiation.srcs/sources_1/ip/floating_point_0/synth/floating_point_0.vhd:73]
INFO: [Synth 8-256] done synthesizing module 'floating_point_0' (16#1) [/home/andrew/Documents/proyecto-Digitales/formaLenta/pixelRadiation/pixelRadiation.srcs/sources_1/ip/floating_point_0/synth/floating_point_0.vhd:73]
Finished RTL Elaboration : Time (s): cpu = 00:00:09 ; elapsed = 00:00:09 . Memory (MB): peak = 1177.238 ; gain = 243.555 ; free physical = 19880 ; free virtual = 35913
Finished RTL Optimization Phase 1 : Time (s): cpu = 00:00:09 ; elapsed = 00:00:09 . Memory (MB): peak = 1177.238 ; gain = 243.555 ; free physical = 19880 ; free virtual = 35914
INFO: [Device 21-403] Loading part xc7a200tsbg484-1
Constraint Validation Runtime : Time (s): cpu = 00:00:00.06 ; elapsed = 00:00:00.03 . Memory (MB): peak = 1545.746 ; gain = 0.000 ; free physical = 19708 ; free virtual = 35741
Finished Constraint Validation : Time (s): cpu = 00:00:18 ; elapsed = 00:00:18 . Memory (MB): peak = 1545.746 ; gain = 612.062 ; free physical = 19707 ; free virtual = 35740
Finished Loading Part and Timing Information : Time (s): cpu = 00:00:18 ; elapsed = 00:00:18 . Memory (MB): peak = 1545.746 ; gain = 612.062 ; free physical = 19707 ; free virtual = 35740
Finished applying 'set_property' XDC Constraints : Time (s): cpu = 00:00:18 ; elapsed = 00:00:18 . Memory (MB): peak = 1545.746 ; gain = 612.062 ; free physical = 19707 ; free virtual = 35740
Finished RTL Optimization Phase 2 : Time (s): cpu = 00:00:19 ; elapsed = 00:00:19 . Memory (MB): peak = 1545.746 ; gain = 612.062 ; free physical = 19701 ; free virtual = 35734
Finished Cross Boundary and Area Optimization : Time (s): cpu = 00:00:20 ; elapsed = 00:00:20 . Memory (MB): peak = 1545.746 ; gain = 612.062 ; free physical = 19678 ; free virtual = 35711
Finished Applying XDC Timing Constraints : Time (s): cpu = 00:00:26 ; elapsed = 00:00:26 . Memory (MB): peak = 1545.746 ; gain = 612.062 ; free physical = 19651 ; free virtual = 35684
Finished Timing Optimization : Time (s): cpu = 00:00:26 ; elapsed = 00:00:27 . Memory (MB): peak = 1545.746 ; gain = 612.062 ; free physical = 19631 ; free virtual = 35664
Finished Technology Mapping : Time (s): cpu = 00:00:27 ; elapsed = 00:00:27 . Memory (MB): peak = 1545.746 ; gain = 612.062 ; free physical = 19622 ; free virtual = 35655
Finished IO Insertion : Time (s): cpu = 00:00:27 ; elapsed = 00:00:28 . Memory (MB): peak = 1545.746 ; gain = 612.062 ; free physical = 19622 ; free virtual = 35655
Finished Renaming Generated Instances : Time (s): cpu = 00:00:27 ; elapsed = 00:00:28 . Memory (MB): peak = 1545.746 ; gain = 612.062 ; free physical = 19622 ; free virtual = 35655
Finished Rebuilding User Hierarchy : Time (s): cpu = 00:00:27 ; elapsed = 00:00:28 . Memory (MB): peak = 1545.746 ; gain = 612.062 ; free physical = 19621 ; free virtual = 35655
Finished Renaming Generated Ports : Time (s): cpu = 00:00:27 ; elapsed = 00:00:28 . Memory (MB): peak = 1545.746 ; gain = 612.062 ; free physical = 19621 ; free virtual = 35655
Finished Handling Custom Attributes : Time (s): cpu = 00:00:27 ; elapsed = 00:00:28 . Memory (MB): peak = 1545.746 ; gain = 612.062 ; free physical = 19621 ; free virtual = 35655
Finished Renaming Generated Nets : Time (s): cpu = 00:00:27 ; elapsed = 00:00:28 . Memory (MB): peak = 1545.746 ; gain = 612.062 ; free physical = 19622 ; free virtual = 35655

Report Cell Usage: 
+------+-------+------+
|      |Cell   |Count |
+------+-------+------+
|1     |CARRY4 |     3|
|2     |LUT1   |    10|
|3     |LUT2   |    81|
|4     |LUT3   |    77|
|5     |LUT4   |    47|
|6     |LUT5   |    25|
|7     |LUT6   |   166|
|8     |MUXCY  |   150|
|9     |MUXF7  |     4|
|10    |SRL16E |     6|
|11    |XORCY  |   117|
|12    |FDE    |    16|
|13    |FDRE   |   630|
+------+-------+------+
Finished Writing Synthesis Report : Time (s): cpu = 00:00:27 ; elapsed = 00:00:28 . Memory (MB): peak = 1545.746 ; gain = 612.062 ; free physical = 19622 ; free virtual = 35655
synth_design: Time (s): cpu = 00:00:27 ; elapsed = 00:00:27 . Memory (MB): peak = 1545.746 ; gain = 535.559 ; free physical = 19617 ; free virtual = 35650
