
*** Running vivado
    with args -log floating_point_1.vds -m64 -product Vivado -mode batch -messageDb vivado.pb -notrace -source floating_point_1.tcl

awk: symbol lookup error: awk: undefined symbol: mpfr_z_sub

****** Vivado v2016.4 (64-bit)
  **** SW Build 1733598 on Wed Dec 14 22:35:42 MST 2016
  **** IP Build 1731160 on Wed Dec 14 23:47:21 MST 2016
    ** Copyright 1986-2016 Xilinx, Inc. All Rights Reserved.

source floating_point_1.tcl -notrace
awk: symbol lookup error: awk: undefined symbol: mpfr_z_sub
Starting RTL Elaboration : Time (s): cpu = 00:00:06 ; elapsed = 00:00:06 . Memory (MB): peak = 1092.773 ; gain = 159.086 ; free physical = 24012 ; free virtual = 34962
INFO: [Synth 8-638] synthesizing module 'floating_point_1' [/home/andrew/Documents/proyecto-Digitales/formaLenta/pixelRadiation/pixelRadiation.srcs/sources_1/ip/floating_point_1/synth/floating_point_1.vhd:74]
INFO: [Synth 8-256] done synthesizing module 'floating_point_1' (18#1) [/home/andrew/Documents/proyecto-Digitales/formaLenta/pixelRadiation/pixelRadiation.srcs/sources_1/ip/floating_point_1/synth/floating_point_1.vhd:74]
Finished RTL Elaboration : Time (s): cpu = 00:00:09 ; elapsed = 00:00:09 . Memory (MB): peak = 1184.242 ; gain = 250.555 ; free physical = 23918 ; free virtual = 34870
Finished RTL Optimization Phase 1 : Time (s): cpu = 00:00:09 ; elapsed = 00:00:10 . Memory (MB): peak = 1184.242 ; gain = 250.555 ; free physical = 23918 ; free virtual = 34870
INFO: [Device 21-403] Loading part xc7a200tsbg484-1
Constraint Validation Runtime : Time (s): cpu = 00:00:00.09 ; elapsed = 00:00:00.05 . Memory (MB): peak = 1522.758 ; gain = 0.000 ; free physical = 23662 ; free virtual = 34656
Finished Constraint Validation : Time (s): cpu = 00:00:19 ; elapsed = 00:00:19 . Memory (MB): peak = 1522.758 ; gain = 589.070 ; free physical = 23660 ; free virtual = 34655
Finished Loading Part and Timing Information : Time (s): cpu = 00:00:19 ; elapsed = 00:00:19 . Memory (MB): peak = 1522.758 ; gain = 589.070 ; free physical = 23660 ; free virtual = 34655
Finished applying 'set_property' XDC Constraints : Time (s): cpu = 00:00:19 ; elapsed = 00:00:19 . Memory (MB): peak = 1522.758 ; gain = 589.070 ; free physical = 23660 ; free virtual = 34655
Finished RTL Optimization Phase 2 : Time (s): cpu = 00:00:20 ; elapsed = 00:00:20 . Memory (MB): peak = 1522.758 ; gain = 589.070 ; free physical = 23645 ; free virtual = 34640
Finished Cross Boundary and Area Optimization : Time (s): cpu = 00:00:21 ; elapsed = 00:00:21 . Memory (MB): peak = 1522.758 ; gain = 589.070 ; free physical = 23627 ; free virtual = 34624
Finished Applying XDC Timing Constraints : Time (s): cpu = 00:00:29 ; elapsed = 00:00:30 . Memory (MB): peak = 1522.758 ; gain = 589.070 ; free physical = 23559 ; free virtual = 34564
Finished Timing Optimization : Time (s): cpu = 00:00:29 ; elapsed = 00:00:30 . Memory (MB): peak = 1528.758 ; gain = 595.070 ; free physical = 23547 ; free virtual = 34551
Finished Technology Mapping : Time (s): cpu = 00:00:30 ; elapsed = 00:00:30 . Memory (MB): peak = 1543.211 ; gain = 609.523 ; free physical = 23533 ; free virtual = 34537
Finished IO Insertion : Time (s): cpu = 00:00:30 ; elapsed = 00:00:31 . Memory (MB): peak = 1543.211 ; gain = 609.523 ; free physical = 23533 ; free virtual = 34537
Finished Renaming Generated Instances : Time (s): cpu = 00:00:30 ; elapsed = 00:00:31 . Memory (MB): peak = 1543.211 ; gain = 609.523 ; free physical = 23533 ; free virtual = 34537
Finished Rebuilding User Hierarchy : Time (s): cpu = 00:00:30 ; elapsed = 00:00:31 . Memory (MB): peak = 1543.211 ; gain = 609.523 ; free physical = 23533 ; free virtual = 34537
Finished Renaming Generated Ports : Time (s): cpu = 00:00:30 ; elapsed = 00:00:31 . Memory (MB): peak = 1543.211 ; gain = 609.523 ; free physical = 23533 ; free virtual = 34537
Finished Handling Custom Attributes : Time (s): cpu = 00:00:31 ; elapsed = 00:00:31 . Memory (MB): peak = 1543.211 ; gain = 609.523 ; free physical = 23533 ; free virtual = 34537
Finished Renaming Generated Nets : Time (s): cpu = 00:00:31 ; elapsed = 00:00:31 . Memory (MB): peak = 1543.211 ; gain = 609.523 ; free physical = 23533 ; free virtual = 34537

Report Cell Usage: 
+------+----------+------+
|      |Cell      |Count |
+------+----------+------+
|1     |CARRY4    |    12|
|2     |DSP48E1   |     1|
|3     |DSP48E1_1 |     2|
|4     |DSP48E1_2 |     2|
|5     |DSP48E1_3 |     2|
|6     |DSP48E1_4 |     2|
|7     |LUT1      |     4|
|8     |LUT2      |    68|
|9     |LUT3      |   239|
|10    |LUT4      |    36|
|11    |LUT5      |     5|
|12    |LUT6      |    42|
|13    |MUXCY     |    95|
|14    |SRL16E    |   184|
|15    |XORCY     |    78|
|16    |FDE       |     5|
|17    |FDRE      |   826|
+------+----------+------+
Finished Writing Synthesis Report : Time (s): cpu = 00:00:31 ; elapsed = 00:00:31 . Memory (MB): peak = 1543.211 ; gain = 609.523 ; free physical = 23533 ; free virtual = 34537
synth_design: Time (s): cpu = 00:00:30 ; elapsed = 00:00:30 . Memory (MB): peak = 1575.227 ; gain = 565.035 ; free physical = 23530 ; free virtual = 34537
