
*** Running vivado
    with args -log fifo_generator_0.vds -m64 -product Vivado -mode batch -messageDb vivado.pb -notrace -source fifo_generator_0.tcl


****** Vivado v2016.4 (64-bit)
  **** SW Build 1733598 on Wed Dec 14 22:35:42 MST 2016
  **** IP Build 1731160 on Wed Dec 14 23:47:21 MST 2016
    ** Copyright 1986-2016 Xilinx, Inc. All Rights Reserved.

source fifo_generator_0.tcl -notrace
Starting RTL Elaboration : Time (s): cpu = 00:00:06 ; elapsed = 00:00:07 . Memory (MB): peak = 1091.758 ; gain = 160.086 ; free physical = 55792 ; free virtual = 66410
INFO: [Synth 8-638] synthesizing module 'fifo_generator_0' [/home/andrew/Documents/pixelRadiation/pixelRadiation.srcs/sources_1/ip/fifo_generator_0/synth/fifo_generator_0.vhd:72]
INFO: [Synth 8-256] done synthesizing module 'fifo_generator_0' (25#1) [/home/andrew/Documents/pixelRadiation/pixelRadiation.srcs/sources_1/ip/fifo_generator_0/synth/fifo_generator_0.vhd:72]
Finished RTL Elaboration : Time (s): cpu = 00:00:49 ; elapsed = 00:00:49 . Memory (MB): peak = 1303.898 ; gain = 372.227 ; free physical = 55579 ; free virtual = 66198
Finished RTL Optimization Phase 1 : Time (s): cpu = 00:00:49 ; elapsed = 00:00:49 . Memory (MB): peak = 1303.898 ; gain = 372.227 ; free physical = 55579 ; free virtual = 66198
INFO: [Device 21-403] Loading part xc7a200tsbg484-1
Constraint Validation Runtime : Time (s): cpu = 00:00:00.01 ; elapsed = 00:00:00.01 . Memory (MB): peak = 1500.734 ; gain = 0.000 ; free physical = 55535 ; free virtual = 66154
Finished Constraint Validation : Time (s): cpu = 00:00:58 ; elapsed = 00:00:58 . Memory (MB): peak = 1500.734 ; gain = 569.062 ; free physical = 55535 ; free virtual = 66154
Finished Loading Part and Timing Information : Time (s): cpu = 00:00:58 ; elapsed = 00:00:58 . Memory (MB): peak = 1500.734 ; gain = 569.062 ; free physical = 55535 ; free virtual = 66154
Finished applying 'set_property' XDC Constraints : Time (s): cpu = 00:00:58 ; elapsed = 00:00:58 . Memory (MB): peak = 1500.734 ; gain = 569.062 ; free physical = 55535 ; free virtual = 66154
Finished RTL Optimization Phase 2 : Time (s): cpu = 00:00:58 ; elapsed = 00:00:58 . Memory (MB): peak = 1500.734 ; gain = 569.062 ; free physical = 55528 ; free virtual = 66147
Finished Cross Boundary and Area Optimization : Time (s): cpu = 00:00:58 ; elapsed = 00:00:59 . Memory (MB): peak = 1500.734 ; gain = 569.062 ; free physical = 55504 ; free virtual = 66123
Finished Applying XDC Timing Constraints : Time (s): cpu = 00:01:05 ; elapsed = 00:01:05 . Memory (MB): peak = 1500.734 ; gain = 569.062 ; free physical = 55487 ; free virtual = 66106
Finished Timing Optimization : Time (s): cpu = 00:01:05 ; elapsed = 00:01:05 . Memory (MB): peak = 1500.734 ; gain = 569.062 ; free physical = 55487 ; free virtual = 66106
Finished Technology Mapping : Time (s): cpu = 00:01:05 ; elapsed = 00:01:05 . Memory (MB): peak = 1500.734 ; gain = 569.062 ; free physical = 55468 ; free virtual = 66087
Finished IO Insertion : Time (s): cpu = 00:01:05 ; elapsed = 00:01:06 . Memory (MB): peak = 1500.734 ; gain = 569.062 ; free physical = 55468 ; free virtual = 66087
Finished Renaming Generated Instances : Time (s): cpu = 00:01:05 ; elapsed = 00:01:06 . Memory (MB): peak = 1500.734 ; gain = 569.062 ; free physical = 55468 ; free virtual = 66087
Finished Rebuilding User Hierarchy : Time (s): cpu = 00:01:05 ; elapsed = 00:01:06 . Memory (MB): peak = 1500.734 ; gain = 569.062 ; free physical = 55468 ; free virtual = 66087
Finished Renaming Generated Ports : Time (s): cpu = 00:01:05 ; elapsed = 00:01:06 . Memory (MB): peak = 1500.734 ; gain = 569.062 ; free physical = 55468 ; free virtual = 66087
Finished Handling Custom Attributes : Time (s): cpu = 00:01:05 ; elapsed = 00:01:06 . Memory (MB): peak = 1500.734 ; gain = 569.062 ; free physical = 55468 ; free virtual = 66087
Finished Renaming Generated Nets : Time (s): cpu = 00:01:05 ; elapsed = 00:01:06 . Memory (MB): peak = 1500.734 ; gain = 569.062 ; free physical = 55468 ; free virtual = 66087

Report Cell Usage: 
+------+---------+------+
|      |Cell     |Count |
+------+---------+------+
|1     |LUT1     |     4|
|2     |LUT2     |     3|
|3     |LUT3     |     4|
|4     |LUT4     |     9|
|5     |LUT5     |     6|
|6     |LUT6     |     1|
|7     |RAMB18E1 |     1|
|8     |FDRE     |    35|
|9     |FDSE     |     9|
+------+---------+------+
Finished Writing Synthesis Report : Time (s): cpu = 00:01:05 ; elapsed = 00:01:06 . Memory (MB): peak = 1500.734 ; gain = 569.062 ; free physical = 55468 ; free virtual = 66087
synth_design: Time (s): cpu = 00:01:04 ; elapsed = 00:01:04 . Memory (MB): peak = 1525.750 ; gain = 518.574 ; free physical = 55459 ; free virtual = 66078
