
*** Running vivado
    with args -log floatMultiplicator.vds -m64 -product Vivado -mode batch -messageDb vivado.pb -notrace -source floatMultiplicator.tcl

awk: symbol lookup error: awk: undefined symbol: mpfr_z_sub

****** Vivado v2016.4 (64-bit)
  **** SW Build 1733598 on Wed Dec 14 22:35:42 MST 2016
  **** IP Build 1731160 on Wed Dec 14 23:47:21 MST 2016
    ** Copyright 1986-2016 Xilinx, Inc. All Rights Reserved.

source floatMultiplicator.tcl -notrace
awk: symbol lookup error: awk: undefined symbol: mpfr_z_sub
Starting RTL Elaboration : Time (s): cpu = 00:00:06 ; elapsed = 00:00:06 . Memory (MB): peak = 1092.770 ; gain = 159.086 ; free physical = 25583 ; free virtual = 36160
INFO: [Synth 8-638] synthesizing module 'floatMultiplicator' [/home/andrew/Documents/proyecto-Digitales/formaLenta/pixelRadiation/pixelRadiation.srcs/sources_1/ip/floatMultiplicator/synth/floatMultiplicator.vhd:74]
INFO: [Synth 8-256] done synthesizing module 'floatMultiplicator' (21#1) [/home/andrew/Documents/proyecto-Digitales/formaLenta/pixelRadiation/pixelRadiation.srcs/sources_1/ip/floatMultiplicator/synth/floatMultiplicator.vhd:74]
Finished RTL Elaboration : Time (s): cpu = 00:00:09 ; elapsed = 00:00:10 . Memory (MB): peak = 1185.238 ; gain = 251.555 ; free physical = 25489 ; free virtual = 36067
Finished RTL Optimization Phase 1 : Time (s): cpu = 00:00:10 ; elapsed = 00:00:10 . Memory (MB): peak = 1185.238 ; gain = 251.555 ; free physical = 25489 ; free virtual = 36067
INFO: [Device 21-403] Loading part xc7a200tsbg484-1
Constraint Validation Runtime : Time (s): cpu = 00:00:00.05 ; elapsed = 00:00:00.03 . Memory (MB): peak = 1546.746 ; gain = 0.000 ; free physical = 25270 ; free virtual = 35891
Finished Constraint Validation : Time (s): cpu = 00:00:19 ; elapsed = 00:00:19 . Memory (MB): peak = 1546.746 ; gain = 613.062 ; free physical = 25269 ; free virtual = 35890
Finished Loading Part and Timing Information : Time (s): cpu = 00:00:19 ; elapsed = 00:00:19 . Memory (MB): peak = 1546.746 ; gain = 613.062 ; free physical = 25269 ; free virtual = 35890
Finished applying 'set_property' XDC Constraints : Time (s): cpu = 00:00:19 ; elapsed = 00:00:19 . Memory (MB): peak = 1546.746 ; gain = 613.062 ; free physical = 25269 ; free virtual = 35890
Finished RTL Optimization Phase 2 : Time (s): cpu = 00:00:20 ; elapsed = 00:00:21 . Memory (MB): peak = 1546.746 ; gain = 613.062 ; free physical = 25254 ; free virtual = 35875
Finished Cross Boundary and Area Optimization : Time (s): cpu = 00:00:21 ; elapsed = 00:00:22 . Memory (MB): peak = 1546.746 ; gain = 613.062 ; free physical = 25228 ; free virtual = 35851
Finished Applying XDC Timing Constraints : Time (s): cpu = 00:00:30 ; elapsed = 00:00:30 . Memory (MB): peak = 1546.746 ; gain = 613.062 ; free physical = 25150 ; free virtual = 35781
Finished Timing Optimization : Time (s): cpu = 00:00:30 ; elapsed = 00:00:30 . Memory (MB): peak = 1547.746 ; gain = 614.062 ; free physical = 25138 ; free virtual = 35769
Finished Technology Mapping : Time (s): cpu = 00:00:30 ; elapsed = 00:00:31 . Memory (MB): peak = 1559.762 ; gain = 626.078 ; free physical = 25127 ; free virtual = 35757
Finished IO Insertion : Time (s): cpu = 00:00:31 ; elapsed = 00:00:31 . Memory (MB): peak = 1559.762 ; gain = 626.078 ; free physical = 25126 ; free virtual = 35757
Finished Renaming Generated Instances : Time (s): cpu = 00:00:31 ; elapsed = 00:00:31 . Memory (MB): peak = 1559.762 ; gain = 626.078 ; free physical = 25126 ; free virtual = 35757
Finished Rebuilding User Hierarchy : Time (s): cpu = 00:00:31 ; elapsed = 00:00:31 . Memory (MB): peak = 1559.762 ; gain = 626.078 ; free physical = 25126 ; free virtual = 35757
Finished Renaming Generated Ports : Time (s): cpu = 00:00:31 ; elapsed = 00:00:31 . Memory (MB): peak = 1559.762 ; gain = 626.078 ; free physical = 25126 ; free virtual = 35757
Finished Handling Custom Attributes : Time (s): cpu = 00:00:31 ; elapsed = 00:00:31 . Memory (MB): peak = 1559.762 ; gain = 626.078 ; free physical = 25126 ; free virtual = 35757
Finished Renaming Generated Nets : Time (s): cpu = 00:00:31 ; elapsed = 00:00:31 . Memory (MB): peak = 1559.762 ; gain = 626.078 ; free physical = 25126 ; free virtual = 35757

Report Cell Usage: 
+------+----------+------+
|      |Cell      |Count |
+------+----------+------+
|1     |DSP48E1   |     1|
|2     |DSP48E1_1 |     1|
|3     |DSP48E1_2 |     1|
|4     |DSP48E1_3 |     2|
|5     |DSP48E1_4 |     3|
|6     |DSP48E1_5 |     1|
|7     |DSP48E1_6 |     1|
|8     |DSP48E1_7 |     1|
|9     |DSP48E1_8 |     1|
|10    |DSP48E1_9 |     1|
|11    |LUT1      |     3|
|12    |LUT2      |    25|
|13    |LUT3      |   149|
|14    |LUT4      |    18|
|15    |LUT5      |     6|
|16    |LUT6      |    78|
|17    |MUXCY     |    62|
|18    |SRL16E    |    55|
|19    |XORCY     |    41|
|20    |FDE       |     3|
|21    |FDRE      |   566|
+------+----------+------+
Finished Writing Synthesis Report : Time (s): cpu = 00:00:31 ; elapsed = 00:00:31 . Memory (MB): peak = 1559.762 ; gain = 626.078 ; free physical = 25126 ; free virtual = 35757
synth_design: Time (s): cpu = 00:00:30 ; elapsed = 00:00:30 . Memory (MB): peak = 1591.777 ; gain = 581.590 ; free physical = 25123 ; free virtual = 35756
