
*** Running vivado
    with args -log floating_point_0.vds -m64 -product Vivado -mode batch -messageDb vivado.pb -notrace -source floating_point_0.tcl

awk: symbol lookup error: awk: undefined symbol: mpfr_z_sub

****** Vivado v2016.4 (64-bit)
  **** SW Build 1733598 on Wed Dec 14 22:35:42 MST 2016
  **** IP Build 1731160 on Wed Dec 14 23:47:21 MST 2016
    ** Copyright 1986-2016 Xilinx, Inc. All Rights Reserved.

source floating_point_0.tcl -notrace
awk: symbol lookup error: awk: undefined symbol: mpfr_z_sub
Starting RTL Elaboration : Time (s): cpu = 00:00:06 ; elapsed = 00:00:07 . Memory (MB): peak = 1092.777 ; gain = 159.086 ; free physical = 10812 ; free virtual = 26810
INFO: [Synth 8-638] synthesizing module 'floating_point_0' [/home/andrew/Documents/proyecto-Digitales/formaLenta/pixelRadiation/pixelRadiation.srcs/sources_1/ip/floating_point_0/synth/floating_point_0.vhd:71]
INFO: [Synth 8-256] done synthesizing module 'floating_point_0' (16#1) [/home/andrew/Documents/proyecto-Digitales/formaLenta/pixelRadiation/pixelRadiation.srcs/sources_1/ip/floating_point_0/synth/floating_point_0.vhd:71]
Finished RTL Elaboration : Time (s): cpu = 00:00:09 ; elapsed = 00:00:09 . Memory (MB): peak = 1175.246 ; gain = 241.555 ; free physical = 10710 ; free virtual = 26708
Finished RTL Optimization Phase 1 : Time (s): cpu = 00:00:09 ; elapsed = 00:00:09 . Memory (MB): peak = 1175.246 ; gain = 241.555 ; free physical = 10708 ; free virtual = 26707
INFO: [Device 21-403] Loading part xc7a200tsbg484-1
Constraint Validation Runtime : Time (s): cpu = 00:00:00.04 ; elapsed = 00:00:00.03 . Memory (MB): peak = 1543.754 ; gain = 0.000 ; free physical = 10498 ; free virtual = 26496
Finished Constraint Validation : Time (s): cpu = 00:00:19 ; elapsed = 00:00:19 . Memory (MB): peak = 1543.754 ; gain = 610.062 ; free physical = 10354 ; free virtual = 26353
Finished Loading Part and Timing Information : Time (s): cpu = 00:00:19 ; elapsed = 00:00:19 . Memory (MB): peak = 1543.754 ; gain = 610.062 ; free physical = 10354 ; free virtual = 26353
Finished applying 'set_property' XDC Constraints : Time (s): cpu = 00:00:19 ; elapsed = 00:00:19 . Memory (MB): peak = 1543.754 ; gain = 610.062 ; free physical = 10354 ; free virtual = 26353
Finished RTL Optimization Phase 2 : Time (s): cpu = 00:00:19 ; elapsed = 00:00:20 . Memory (MB): peak = 1543.754 ; gain = 610.062 ; free physical = 10334 ; free virtual = 26333
Finished Cross Boundary and Area Optimization : Time (s): cpu = 00:00:22 ; elapsed = 00:00:22 . Memory (MB): peak = 1543.754 ; gain = 610.062 ; free physical = 10184 ; free virtual = 26182
Finished Applying XDC Timing Constraints : Time (s): cpu = 00:00:28 ; elapsed = 00:00:29 . Memory (MB): peak = 1543.754 ; gain = 610.062 ; free physical = 10131 ; free virtual = 26129
Finished Timing Optimization : Time (s): cpu = 00:00:28 ; elapsed = 00:00:29 . Memory (MB): peak = 1543.754 ; gain = 610.062 ; free physical = 10121 ; free virtual = 26119
Finished Technology Mapping : Time (s): cpu = 00:00:29 ; elapsed = 00:00:29 . Memory (MB): peak = 1543.754 ; gain = 610.062 ; free physical = 10111 ; free virtual = 26109
Finished IO Insertion : Time (s): cpu = 00:00:29 ; elapsed = 00:00:29 . Memory (MB): peak = 1543.754 ; gain = 610.062 ; free physical = 10111 ; free virtual = 26109
Finished Renaming Generated Instances : Time (s): cpu = 00:00:29 ; elapsed = 00:00:29 . Memory (MB): peak = 1543.754 ; gain = 610.062 ; free physical = 10111 ; free virtual = 26109
Finished Rebuilding User Hierarchy : Time (s): cpu = 00:00:29 ; elapsed = 00:00:29 . Memory (MB): peak = 1543.754 ; gain = 610.062 ; free physical = 10111 ; free virtual = 26109
Finished Renaming Generated Ports : Time (s): cpu = 00:00:29 ; elapsed = 00:00:29 . Memory (MB): peak = 1543.754 ; gain = 610.062 ; free physical = 10111 ; free virtual = 26109
Finished Handling Custom Attributes : Time (s): cpu = 00:00:29 ; elapsed = 00:00:29 . Memory (MB): peak = 1543.754 ; gain = 610.062 ; free physical = 10111 ; free virtual = 26109
Finished Renaming Generated Nets : Time (s): cpu = 00:00:29 ; elapsed = 00:00:29 . Memory (MB): peak = 1543.754 ; gain = 610.062 ; free physical = 10111 ; free virtual = 26109

Report Cell Usage: 
+------+-------+------+
|      |Cell   |Count |
+------+-------+------+
|1     |CARRY4 |     3|
|2     |LUT1   |    10|
|3     |LUT2   |    68|
|4     |LUT3   |   149|
|5     |LUT4   |    55|
|6     |LUT5   |    42|
|7     |LUT6   |   176|
|8     |MUXCY  |   150|
|9     |MUXF7  |    13|
|10    |XORCY  |   117|
|11    |FDRE   |   135|
+------+-------+------+
Finished Writing Synthesis Report : Time (s): cpu = 00:00:29 ; elapsed = 00:00:30 . Memory (MB): peak = 1543.754 ; gain = 610.062 ; free physical = 10111 ; free virtual = 26109
synth_design: Time (s): cpu = 00:00:28 ; elapsed = 00:00:28 . Memory (MB): peak = 1544.754 ; gain = 535.559 ; free physical = 10102 ; free virtual = 26100
