
*** Running vivado
    with args -log axiStreamFifo.vds -m64 -product Vivado -mode batch -messageDb vivado.pb -notrace -source axiStreamFifo.tcl

awk: symbol lookup error: awk: undefined symbol: mpfr_z_sub

****** Vivado v2016.4 (64-bit)
  **** SW Build 1733598 on Wed Dec 14 22:35:42 MST 2016
  **** IP Build 1731160 on Wed Dec 14 23:47:21 MST 2016
    ** Copyright 1986-2016 Xilinx, Inc. All Rights Reserved.

source axiStreamFifo.tcl -notrace
awk: symbol lookup error: awk: undefined symbol: mpfr_z_sub
Starting RTL Elaboration : Time (s): cpu = 00:00:07 ; elapsed = 00:00:07 . Memory (MB): peak = 1095.777 ; gain = 162.086 ; free physical = 25194 ; free virtual = 35894
INFO: [Synth 8-638] synthesizing module 'axiStreamFifo' [/home/andrew/Documents/proyecto-Digitales/formaLenta/pixelRadiation/pixelRadiation.srcs/sources_1/ip/axiStreamFifo/synth/axiStreamFifo.v:57]
INFO: [Synth 8-638] synthesizing module 'axis_data_fifo_v1_1_12_axis_data_fifo' [/home/andrew/Documents/proyecto-Digitales/formaLenta/pixelRadiation/pixelRadiation.srcs/sources_1/ip/axiStreamFifo/hdl/axis_data_fifo_v1_1_vl_rfs.v:62]
INFO: [Synth 8-638] synthesizing module 'axis_infrastructure_v1_1_0_util_aclken_converter_wrapper' [/home/andrew/Documents/proyecto-Digitales/formaLenta/pixelRadiation/pixelRadiation.srcs/sources_1/ip/axiStreamFifo/hdl/axis_infrastructure_v1_1_vl_rfs.v:600]
INFO: [Synth 8-638] synthesizing module 'axis_infrastructure_v1_1_0_util_axis2vector' [/home/andrew/Documents/proyecto-Digitales/formaLenta/pixelRadiation/pixelRadiation.srcs/sources_1/ip/axiStreamFifo/hdl/axis_infrastructure_v1_1_vl_rfs.v:810]
INFO: [Synth 8-256] done synthesizing module 'axis_infrastructure_v1_1_0_util_axis2vector' (1#1) [/home/andrew/Documents/proyecto-Digitales/formaLenta/pixelRadiation/pixelRadiation.srcs/sources_1/ip/axiStreamFifo/hdl/axis_infrastructure_v1_1_vl_rfs.v:810]
INFO: [Synth 8-638] synthesizing module 'axis_infrastructure_v1_1_0_util_vector2axis' [/home/andrew/Documents/proyecto-Digitales/formaLenta/pixelRadiation/pixelRadiation.srcs/sources_1/ip/axiStreamFifo/hdl/axis_infrastructure_v1_1_vl_rfs.v:992]
INFO: [Synth 8-256] done synthesizing module 'axis_infrastructure_v1_1_0_util_vector2axis' (2#1) [/home/andrew/Documents/proyecto-Digitales/formaLenta/pixelRadiation/pixelRadiation.srcs/sources_1/ip/axiStreamFifo/hdl/axis_infrastructure_v1_1_vl_rfs.v:992]
INFO: [Synth 8-256] done synthesizing module 'axis_infrastructure_v1_1_0_util_aclken_converter_wrapper' (3#1) [/home/andrew/Documents/proyecto-Digitales/formaLenta/pixelRadiation/pixelRadiation.srcs/sources_1/ip/axiStreamFifo/hdl/axis_infrastructure_v1_1_vl_rfs.v:600]
INFO: [Synth 8-256] done synthesizing module 'axis_data_fifo_v1_1_12_axis_data_fifo' (24#1) [/home/andrew/Documents/proyecto-Digitales/formaLenta/pixelRadiation/pixelRadiation.srcs/sources_1/ip/axiStreamFifo/hdl/axis_data_fifo_v1_1_vl_rfs.v:62]
INFO: [Synth 8-256] done synthesizing module 'axiStreamFifo' (25#1) [/home/andrew/Documents/proyecto-Digitales/formaLenta/pixelRadiation/pixelRadiation.srcs/sources_1/ip/axiStreamFifo/synth/axiStreamFifo.v:57]
Finished RTL Elaboration : Time (s): cpu = 00:00:11 ; elapsed = 00:00:11 . Memory (MB): peak = 1216.246 ; gain = 282.555 ; free physical = 25071 ; free virtual = 35772
Finished RTL Optimization Phase 1 : Time (s): cpu = 00:00:11 ; elapsed = 00:00:11 . Memory (MB): peak = 1216.246 ; gain = 282.555 ; free physical = 25071 ; free virtual = 35772
INFO: [Device 21-403] Loading part xc7a200tsbg484-1
Constraint Validation Runtime : Time (s): cpu = 00:00:00.04 ; elapsed = 00:00:00.04 . Memory (MB): peak = 1543.668 ; gain = 1.000 ; free physical = 24939 ; free virtual = 35640
Finished Constraint Validation : Time (s): cpu = 00:00:20 ; elapsed = 00:00:20 . Memory (MB): peak = 1543.668 ; gain = 609.977 ; free physical = 24938 ; free virtual = 35639
Finished Loading Part and Timing Information : Time (s): cpu = 00:00:20 ; elapsed = 00:00:20 . Memory (MB): peak = 1543.668 ; gain = 609.977 ; free physical = 24938 ; free virtual = 35639
Finished applying 'set_property' XDC Constraints : Time (s): cpu = 00:00:20 ; elapsed = 00:00:20 . Memory (MB): peak = 1543.668 ; gain = 609.977 ; free physical = 24938 ; free virtual = 35639
Finished RTL Optimization Phase 2 : Time (s): cpu = 00:00:20 ; elapsed = 00:00:21 . Memory (MB): peak = 1543.668 ; gain = 609.977 ; free physical = 24933 ; free virtual = 35634
Finished Cross Boundary and Area Optimization : Time (s): cpu = 00:00:21 ; elapsed = 00:00:21 . Memory (MB): peak = 1543.668 ; gain = 609.977 ; free physical = 24910 ; free virtual = 35611
---------------------------------------------------------------------------------
Start ROM, RAM, DSP and Shift Register Reporting
---------------------------------------------------------------------------------

Distributed RAM: Preliminary Mapping  Report (see note below)
+-----------------------+------------------------------------------------------------------------------------------+----------------+----------------------+---------------+
|Module Name            | RTL Object                                                                               | Inference      | Size (Depth x Width) | Primitives    | 
+-----------------------+------------------------------------------------------------------------------------------+----------------+----------------------+---------------+
|fifo_generator_v13_1_3 | inst_fifo_gen/gaxis_fifo.gaxisf.axisf/grf.rf/gntv_or_sync_fifo.mem/gdm.dm_gen.dm/RAM_reg | User Attribute | 16 x 64              | RAM32M x 11   | 
+-----------------------+------------------------------------------------------------------------------------------+----------------+----------------------+---------------+

Note: The table above is a preliminary report that shows the Distributed RAMs at the current stage of the synthesis flow. Some Distributed RAMs may be reimplemented as non Distributed RAM primitives later in the synthesis flow. Multiple instantiated RAMs are reported only once.
---------------------------------------------------------------------------------
Finished ROM, RAM, DSP and Shift Register Reporting
---------------------------------------------------------------------------------
Finished Applying XDC Timing Constraints : Time (s): cpu = 00:00:27 ; elapsed = 00:00:27 . Memory (MB): peak = 1543.668 ; gain = 609.977 ; free physical = 24884 ; free virtual = 35584
Finished Timing Optimization : Time (s): cpu = 00:00:27 ; elapsed = 00:00:27 . Memory (MB): peak = 1543.668 ; gain = 609.977 ; free physical = 24875 ; free virtual = 35575
Finished Technology Mapping : Time (s): cpu = 00:00:27 ; elapsed = 00:00:27 . Memory (MB): peak = 1543.668 ; gain = 609.977 ; free physical = 24864 ; free virtual = 35565
Finished IO Insertion : Time (s): cpu = 00:00:27 ; elapsed = 00:00:28 . Memory (MB): peak = 1543.668 ; gain = 609.977 ; free physical = 24864 ; free virtual = 35565
Finished Renaming Generated Instances : Time (s): cpu = 00:00:27 ; elapsed = 00:00:28 . Memory (MB): peak = 1543.668 ; gain = 609.977 ; free physical = 24864 ; free virtual = 35565
Finished Rebuilding User Hierarchy : Time (s): cpu = 00:00:27 ; elapsed = 00:00:28 . Memory (MB): peak = 1543.668 ; gain = 609.977 ; free physical = 24864 ; free virtual = 35565
Finished Renaming Generated Ports : Time (s): cpu = 00:00:27 ; elapsed = 00:00:28 . Memory (MB): peak = 1543.668 ; gain = 609.977 ; free physical = 24864 ; free virtual = 35565
Finished Handling Custom Attributes : Time (s): cpu = 00:00:27 ; elapsed = 00:00:28 . Memory (MB): peak = 1543.668 ; gain = 609.977 ; free physical = 24864 ; free virtual = 35565
Finished Renaming Generated Nets : Time (s): cpu = 00:00:27 ; elapsed = 00:00:28 . Memory (MB): peak = 1543.668 ; gain = 609.977 ; free physical = 24864 ; free virtual = 35565

Report Cell Usage: 
+------+-------+------+
|      |Cell   |Count |
+------+-------+------+
|1     |LUT1   |     8|
|2     |LUT2   |     8|
|3     |LUT3   |     3|
|4     |LUT4   |    13|
|5     |LUT5   |     5|
|6     |LUT6   |     4|
|7     |RAM32M |    11|
|8     |FDCE   |    22|
|9     |FDPE   |    26|
|10    |FDRE   |   132|
+------+-------+------+
Finished Writing Synthesis Report : Time (s): cpu = 00:00:27 ; elapsed = 00:00:28 . Memory (MB): peak = 1543.668 ; gain = 609.977 ; free physical = 24864 ; free virtual = 35565
synth_design: Time (s): cpu = 00:00:26 ; elapsed = 00:00:27 . Memory (MB): peak = 1543.668 ; gain = 534.473 ; free physical = 24854 ; free virtual = 35555
