awk: symbol lookup error: awk: undefined symbol: mpfr_z_sub
INFO: [VRFC 10-2263] Analyzing SystemVerilog file "/home/andrew/Documents/ProyectoFinalAndrewMorrison/pixelRadiation/pixelRadiation.srcs/sources_1/imports/hdl/delayValid.sv" into library xil_defaultlib
INFO: [VRFC 10-311] analyzing module delayValid
INFO: [VRFC 10-2263] Analyzing SystemVerilog file "/home/andrew/Documents/ProyectoFinalAndrewMorrison/pixelRadiation/pixelRadiation.srcs/sources_1/imports/hdl/addMultiply.sv" into library xil_defaultlib
INFO: [VRFC 10-311] analyzing module addMultiply
INFO: [VRFC 10-2263] Analyzing SystemVerilog file "/home/andrew/Documents/ProyectoFinalAndrewMorrison/pixelRadiation/pixelRadiation.srcs/sources_1/imports/hdl/shiftRegister.sv" into library xil_defaultlib
INFO: [VRFC 10-311] analyzing module shiftRegister
INFO: [VRFC 10-2263] Analyzing SystemVerilog file "/home/andrew/Documents/ProyectoFinalAndrewMorrison/pixelRadiation/pixelRadiation.srcs/sources_1/imports/hdl/circularBuffer.sv" into library xil_defaultlib
INFO: [VRFC 10-311] analyzing module circularBuffer
INFO: [VRFC 10-2263] Analyzing SystemVerilog file "/home/andrew/Documents/ProyectoFinalAndrewMorrison/pixelRadiation/pixelRadiation.srcs/sources_1/imports/hdl/addertree_sec.sv" into library xil_defaultlib
INFO: [VRFC 10-311] analyzing module addertree_sec
INFO: [VRFC 10-2263] Analyzing SystemVerilog file "/home/andrew/Documents/ProyectoFinalAndrewMorrison/pixelRadiation/pixelRadiation.srcs/sources_1/new/pixelRadiationStateMachine.sv" into library xil_defaultlib
INFO: [VRFC 10-311] analyzing module pixelRadiationStateMachine
INFO: [VRFC 10-2263] Analyzing SystemVerilog file "/home/andrew/Documents/ProyectoFinalAndrewMorrison/pixelRadiation/pixelRadiation.srcs/sources_1/imports/hdl/pixelRadiation.sv" into library xil_defaultlib
INFO: [VRFC 10-311] analyzing module pixelRadiation
INFO: [VRFC 10-2458] undeclared symbol s_axis_a_tready, assumed default net type wire [/home/andrew/Documents/ProyectoFinalAndrewMorrison/pixelRadiation/pixelRadiation.srcs/sources_1/imports/hdl/pixelRadiation.sv:560]
INFO: [VRFC 10-2458] undeclared symbol s_axis_b_tready, assumed default net type wire [/home/andrew/Documents/ProyectoFinalAndrewMorrison/pixelRadiation/pixelRadiation.srcs/sources_1/imports/hdl/pixelRadiation.sv:595]
INFO: [VRFC 10-2263] Analyzing SystemVerilog file "/home/andrew/Documents/ProyectoFinalAndrewMorrison/pixelRadiation/pixelRadiation.srcs/sources_1/new/fifoFWFT.sv" into library xil_defaultlib
INFO: [VRFC 10-311] analyzing module fifoFWFT
INFO: [VRFC 10-2263] Analyzing SystemVerilog file "/home/andrew/Documents/ProyectoFinalAndrewMorrison/pixelRadiation/pixelRadiation.srcs/sources_1/imports/pixelRadiationRegistersQ_regs/pixelRadiationRegistersQ_regs_pkg.sv" into library xil_defaultlib
INFO: [VRFC 10-2263] Analyzing SystemVerilog file "/home/andrew/Documents/ProyectoFinalAndrewMorrison/pixelRadiation/pixelRadiation.srcs/sources_1/imports/pixelRadiationRegistersQ_regs/pixelRadiationRegistersQ_regs.sv" into library xil_defaultlib
INFO: [VRFC 10-311] analyzing module pixelRadiationRegistersQ_regs
INFO: [VRFC 10-2263] Analyzing SystemVerilog file "/home/andrew/Documents/ProyectoFinalAndrewMorrison/pixelRadiation/pixelRadiation.srcs/sources_1/new/interruptSource.sv" into library xil_defaultlib
INFO: [VRFC 10-311] analyzing module interruptSource
INFO: [VRFC 10-2263] Analyzing SystemVerilog file "/home/andrew/Documents/ProyectoFinalAndrewMorrison/pixelRadiation/pixelRadiation.srcs/sources_1/new/accumulator.sv" into library xil_defaultlib
INFO: [VRFC 10-311] analyzing module accumulator
INFO: [VRFC 10-2263] Analyzing SystemVerilog file "/home/andrew/Documents/ProyectoFinalAndrewMorrison/pixelRadiation/pixelRadiation.srcs/sources_1/new/nonZeroCounter.sv" into library xil_defaultlib
INFO: [VRFC 10-311] analyzing module nonZeroCounter
INFO: [VRFC 10-2458] undeclared symbol s_axis_a_tready, assumed default net type wire [/home/andrew/Documents/ProyectoFinalAndrewMorrison/pixelRadiation/pixelRadiation.srcs/sources_1/new/nonZeroCounter.sv:117]
INFO: [VRFC 10-2263] Analyzing SystemVerilog file "/home/andrew/Documents/ProyectoFinalAndrewMorrison/pixelRadiation/pixelRadiation.srcs/sim_1/new/tb_pixelRadiation.sv" into library xil_defaultlib
INFO: [VRFC 10-311] analyzing module tb_pixelRadiation
INFO: [VRFC 10-2263] Analyzing SystemVerilog file "/home/andrew/Documents/ProyectoFinalAndrewMorrison/pixelRadiation/pixelRadiation.srcs/sim_1/new/tb_circularBuffer.sv" into library xil_defaultlib
INFO: [VRFC 10-311] analyzing module tb_circularBuffer
INFO: [VRFC 10-2263] Analyzing Verilog file "/home/andrew/Documents/ProyectoFinalAndrewMorrison/pixelRadiation/pixelRadiation.sim/sim_1/behav/glbl.v" into library xil_defaultlib
INFO: [VRFC 10-311] analyzing module glbl
awk: symbol lookup error: awk: undefined symbol: mpfr_z_sub
INFO: [VRFC 10-163] Analyzing VHDL file "/home/andrew/Documents/ProyectoFinalAndrewMorrison/pixelRadiation/pixelRadiation.srcs/sources_1/ip/fix2float/sim/fix2float.vhd" into library xil_defaultlib
INFO: [VRFC 10-307] analyzing entity fix2float
INFO: [VRFC 10-163] Analyzing VHDL file "/home/andrew/Documents/ProyectoFinalAndrewMorrison/pixelRadiation/pixelRadiation.srcs/sources_1/ip/fix2float/demo_tb/tb_fix2float.vhd" into library xil_defaultlib
INFO: [VRFC 10-307] analyzing entity tb_fix2float
INFO: [VRFC 10-163] Analyzing VHDL file "/home/andrew/Documents/ProyectoFinalAndrewMorrison/pixelRadiation/pixelRadiation.srcs/sources_1/ip/floatMultiplicator/sim/floatMultiplicator.vhd" into library xil_defaultlib
INFO: [VRFC 10-307] analyzing entity floatMultiplicator
INFO: [VRFC 10-163] Analyzing VHDL file "/home/andrew/Documents/ProyectoFinalAndrewMorrison/pixelRadiation/pixelRadiation.srcs/sources_1/ip/floatMultiplicator/demo_tb/tb_floatMultiplicator.vhd" into library xil_defaultlib
INFO: [VRFC 10-307] analyzing entity tb_floatMultiplicator
