Vivado Simulator 2016.4
Time resolution is 1 ps
Note: 
******************************************************
  renorm_and_round_logic.vhd :
    FULL_MANT_RND1_DEL is using fast_input
    which will be faster, but create more FFs.
******************************************************
Time: 0 ps  Iteration: 0
Note: 
******************************************************
  renorm_and_round_logic.vhd :
    FULL_MANT_RND1_DEL is using fast_input
    which will be faster, but create more FFs.
******************************************************
Time: 0 ps  Iteration: 0
Info: [XPM_MEMORY 20-1] MEMORY_PRIMITIVE (0) instructs Vivado Synthesis to choose the memory primitive type. Depending on their values, other XPM_MEMORY parameters may preclude the choice of certain memory primitive types. Review XPM_MEMORY documentation and parameter values to understand any limitations, or set MEMORY_PRIMITIVE to a different value. tb_pixelRadiation.uut.redMatrixBuffer.fifoCircularBuffer.xpm_fifo_sync_inst.xpm_fifo_base_inst.gen_sdpram.xpm_memory_base_inst.config_drc
Time: 1 ps  Iteration: 0  Process: /tb_pixelRadiation/uut/redMatrixBuffer/fifoCircularBuffer/xpm_fifo_sync_inst/xpm_fifo_base_inst/gen_sdpram.xpm_memory_base_inst/Initial269_403  File: /wrk/2016.4/nightly/2016_12_14_1733598/prep/rdi/vivado/data/ip/xpm/xpm_memory/hdl/xpm_memory.sv
Info: [XPM_MEMORY 20-2] MEMORY_INIT_FILE (none), MEMORY_INIT_PARAM together specify no memory initialization. Initial memory contents will be all 0's. tb_pixelRadiation.uut.redMatrixBuffer.fifoCircularBuffer.xpm_fifo_sync_inst.xpm_fifo_base_inst.gen_sdpram.xpm_memory_base_inst.config_drc  0
Time: 1 ps  Iteration: 0  Process: /tb_pixelRadiation/uut/redMatrixBuffer/fifoCircularBuffer/xpm_fifo_sync_inst/xpm_fifo_base_inst/gen_sdpram.xpm_memory_base_inst/Initial269_403  File: /wrk/2016.4/nightly/2016_12_14_1733598/prep/rdi/vivado/data/ip/xpm/xpm_memory/hdl/xpm_memory.sv
Info: [XPM_MEMORY 20-1] MEMORY_PRIMITIVE (0) instructs Vivado Synthesis to choose the memory primitive type. Depending on their values, other XPM_MEMORY parameters may preclude the choice of certain memory primitive types. Review XPM_MEMORY documentation and parameter values to understand any limitations, or set MEMORY_PRIMITIVE to a different value. tb_pixelRadiation.uut.red2MatrixBuffer.fifoCircularBuffer.xpm_fifo_sync_inst.xpm_fifo_base_inst.gen_sdpram.xpm_memory_base_inst.config_drc
Time: 1 ps  Iteration: 0  Process: /tb_pixelRadiation/uut/red2MatrixBuffer/fifoCircularBuffer/xpm_fifo_sync_inst/xpm_fifo_base_inst/gen_sdpram.xpm_memory_base_inst/Initial269_403  File: /wrk/2016.4/nightly/2016_12_14_1733598/prep/rdi/vivado/data/ip/xpm/xpm_memory/hdl/xpm_memory.sv
Info: [XPM_MEMORY 20-2] MEMORY_INIT_FILE (none), MEMORY_INIT_PARAM together specify no memory initialization. Initial memory contents will be all 0's. tb_pixelRadiation.uut.red2MatrixBuffer.fifoCircularBuffer.xpm_fifo_sync_inst.xpm_fifo_base_inst.gen_sdpram.xpm_memory_base_inst.config_drc  0
Time: 1 ps  Iteration: 0  Process: /tb_pixelRadiation/uut/red2MatrixBuffer/fifoCircularBuffer/xpm_fifo_sync_inst/xpm_fifo_base_inst/gen_sdpram.xpm_memory_base_inst/Initial269_403  File: /wrk/2016.4/nightly/2016_12_14_1733598/prep/rdi/vivado/data/ip/xpm/xpm_memory/hdl/xpm_memory.sv
Info: [XPM_MEMORY 20-1] MEMORY_PRIMITIVE (0) instructs Vivado Synthesis to choose the memory primitive type. Depending on their values, other XPM_MEMORY parameters may preclude the choice of certain memory primitive types. Review XPM_MEMORY documentation and parameter values to understand any limitations, or set MEMORY_PRIMITIVE to a different value. tb_pixelRadiation.uut.greenMatrixBuffer.fifoCircularBuffer.xpm_fifo_sync_inst.xpm_fifo_base_inst.gen_sdpram.xpm_memory_base_inst.config_drc
Time: 1 ps  Iteration: 0  Process: /tb_pixelRadiation/uut/greenMatrixBuffer/fifoCircularBuffer/xpm_fifo_sync_inst/xpm_fifo_base_inst/gen_sdpram.xpm_memory_base_inst/Initial269_403  File: /wrk/2016.4/nightly/2016_12_14_1733598/prep/rdi/vivado/data/ip/xpm/xpm_memory/hdl/xpm_memory.sv
Info: [XPM_MEMORY 20-2] MEMORY_INIT_FILE (none), MEMORY_INIT_PARAM together specify no memory initialization. Initial memory contents will be all 0's. tb_pixelRadiation.uut.greenMatrixBuffer.fifoCircularBuffer.xpm_fifo_sync_inst.xpm_fifo_base_inst.gen_sdpram.xpm_memory_base_inst.config_drc  0
Time: 1 ps  Iteration: 0  Process: /tb_pixelRadiation/uut/greenMatrixBuffer/fifoCircularBuffer/xpm_fifo_sync_inst/xpm_fifo_base_inst/gen_sdpram.xpm_memory_base_inst/Initial269_403  File: /wrk/2016.4/nightly/2016_12_14_1733598/prep/rdi/vivado/data/ip/xpm/xpm_memory/hdl/xpm_memory.sv
Info: [XPM_MEMORY 20-1] MEMORY_PRIMITIVE (0) instructs Vivado Synthesis to choose the memory primitive type. Depending on their values, other XPM_MEMORY parameters may preclude the choice of certain memory primitive types. Review XPM_MEMORY documentation and parameter values to understand any limitations, or set MEMORY_PRIMITIVE to a different value. tb_pixelRadiation.uut.green2MatrixBuffer.fifoCircularBuffer.xpm_fifo_sync_inst.xpm_fifo_base_inst.gen_sdpram.xpm_memory_base_inst.config_drc
Time: 1 ps  Iteration: 0  Process: /tb_pixelRadiation/uut/green2MatrixBuffer/fifoCircularBuffer/xpm_fifo_sync_inst/xpm_fifo_base_inst/gen_sdpram.xpm_memory_base_inst/Initial269_403  File: /wrk/2016.4/nightly/2016_12_14_1733598/prep/rdi/vivado/data/ip/xpm/xpm_memory/hdl/xpm_memory.sv
Info: [XPM_MEMORY 20-2] MEMORY_INIT_FILE (none), MEMORY_INIT_PARAM together specify no memory initialization. Initial memory contents will be all 0's. tb_pixelRadiation.uut.green2MatrixBuffer.fifoCircularBuffer.xpm_fifo_sync_inst.xpm_fifo_base_inst.gen_sdpram.xpm_memory_base_inst.config_drc  0
Time: 1 ps  Iteration: 0  Process: /tb_pixelRadiation/uut/green2MatrixBuffer/fifoCircularBuffer/xpm_fifo_sync_inst/xpm_fifo_base_inst/gen_sdpram.xpm_memory_base_inst/Initial269_403  File: /wrk/2016.4/nightly/2016_12_14_1733598/prep/rdi/vivado/data/ip/xpm/xpm_memory/hdl/xpm_memory.sv
Info: [XPM_MEMORY 20-1] MEMORY_PRIMITIVE (0) instructs Vivado Synthesis to choose the memory primitive type. Depending on their values, other XPM_MEMORY parameters may preclude the choice of certain memory primitive types. Review XPM_MEMORY documentation and parameter values to understand any limitations, or set MEMORY_PRIMITIVE to a different value. tb_pixelRadiation.uut.blueMatrixBuffer.fifoCircularBuffer.xpm_fifo_sync_inst.xpm_fifo_base_inst.gen_sdpram.xpm_memory_base_inst.config_drc
Time: 1 ps  Iteration: 0  Process: /tb_pixelRadiation/uut/blueMatrixBuffer/fifoCircularBuffer/xpm_fifo_sync_inst/xpm_fifo_base_inst/gen_sdpram.xpm_memory_base_inst/Initial269_403  File: /wrk/2016.4/nightly/2016_12_14_1733598/prep/rdi/vivado/data/ip/xpm/xpm_memory/hdl/xpm_memory.sv
Info: [XPM_MEMORY 20-2] MEMORY_INIT_FILE (none), MEMORY_INIT_PARAM together specify no memory initialization. Initial memory contents will be all 0's. tb_pixelRadiation.uut.blueMatrixBuffer.fifoCircularBuffer.xpm_fifo_sync_inst.xpm_fifo_base_inst.gen_sdpram.xpm_memory_base_inst.config_drc  0
Time: 1 ps  Iteration: 0  Process: /tb_pixelRadiation/uut/blueMatrixBuffer/fifoCircularBuffer/xpm_fifo_sync_inst/xpm_fifo_base_inst/gen_sdpram.xpm_memory_base_inst/Initial269_403  File: /wrk/2016.4/nightly/2016_12_14_1733598/prep/rdi/vivado/data/ip/xpm/xpm_memory/hdl/xpm_memory.sv
Info: [XPM_MEMORY 20-1] MEMORY_PRIMITIVE (0) instructs Vivado Synthesis to choose the memory primitive type. Depending on their values, other XPM_MEMORY parameters may preclude the choice of certain memory primitive types. Review XPM_MEMORY documentation and parameter values to understand any limitations, or set MEMORY_PRIMITIVE to a different value. tb_pixelRadiation.uut.blue2MatrixBuffer.fifoCircularBuffer.xpm_fifo_sync_inst.xpm_fifo_base_inst.gen_sdpram.xpm_memory_base_inst.config_drc
Time: 1 ps  Iteration: 0  Process: /tb_pixelRadiation/uut/blue2MatrixBuffer/fifoCircularBuffer/xpm_fifo_sync_inst/xpm_fifo_base_inst/gen_sdpram.xpm_memory_base_inst/Initial269_403  File: /wrk/2016.4/nightly/2016_12_14_1733598/prep/rdi/vivado/data/ip/xpm/xpm_memory/hdl/xpm_memory.sv
Info: [XPM_MEMORY 20-2] MEMORY_INIT_FILE (none), MEMORY_INIT_PARAM together specify no memory initialization. Initial memory contents will be all 0's. tb_pixelRadiation.uut.blue2MatrixBuffer.fifoCircularBuffer.xpm_fifo_sync_inst.xpm_fifo_base_inst.gen_sdpram.xpm_memory_base_inst.config_drc  0
Time: 1 ps  Iteration: 0  Process: /tb_pixelRadiation/uut/blue2MatrixBuffer/fifoCircularBuffer/xpm_fifo_sync_inst/xpm_fifo_base_inst/gen_sdpram.xpm_memory_base_inst/Initial269_403  File: /wrk/2016.4/nightly/2016_12_14_1733598/prep/rdi/vivado/data/ip/xpm/xpm_memory/hdl/xpm_memory.sv
ERROR:
calculated value: 3ec132b2fdfe960b
expected value MATLAB: 3ec132b2fdfe960c
AXI4 read at 00000000: expected 3ec132b2, received 3ec132b2
Error: Mismatch in AXI4 read at 00000004: expected fdfe960c, received fdfe960b
$finish called at time : 189431 ns : File "/home/andrew/Documents/ProyectoFinalAndrewMorrison/pixelRadiation/pixelRadiation.srcs/sim_1/new/tb_pixelRadiation.sv" Line 340
